[orch] batch/20260419T204105: starting batch planning
[orch] batch/20260419T204105: created orch branch in planely (orchBranch=orch/treml-20260419T204105 base=main)
[orch] state/20260419T204105: persisted: batch-start (phase=executing waveIndex=-1)
[orch] batch/20260419T204105: Runtime V2 backend selected
[orch] state/20260419T204105: persisted: wave-index-change (phase=executing waveIndex=0)
[orch] wave/W1: starting wave execution (tasks=1 policy=skip-dependents batchId=20260419T204105)
[orch] state/20260419T204105: persisted: segment-start (phase=executing waveIndex=0)
[orch] wave/W1: lanes allocated (laneCount=1 totalTasks=1)
[orch] wave/W1: using Runtime V2 backend (executeLaneV2)
[orch] planely/lane-1/LANE: starting Runtime V2 execution of 1 task(s) (worktree=C:\Users\Treml\source\repos\Planely\.worktrees\treml-20260419T204105\lane-1 agentPrefix=orch-treml)
[orch] monitor/ALL: starting monitoring for 1 lane(s), 1 task(s) (pollIntervalMs=5000 stallTimeoutMin=60)
(node:81924) [DEP0190] DeprecationWarning: Passing args to a child process with shell option true can lead to security vulnerabilities, as the arguments are not escaped, only concatenated.
(Use `node --trace-deprecation ...` to show where the warning was created)
[orch] state/20260419T204105: persisted: task-transition (phase=executing waveIndex=0)
[orch] monitor/ALL: poll #1: 0/1 done, 0 failed, 1 active lane(s)
[orch] planely/lane-1/TP-180: committed task artifacts to lane branch (commit=[task/treml-lane-1-20260419T204105 464bb4f] checkpoint: TP-180 task artifacts (.DONE, STATUS.md))
[orch] state/20260419T204105: persisted: task-transition (phase=executing waveIndex=0)
[orch] monitor/ALL: poll #138: 1/1 done, 0 failed, 0 active lane(s)
[orch] monitor/ALL: all lanes terminal — monitoring complete (done=1 failed=0 total=1 polls=138)
[orch] wave/W1: wave execution complete: succeeded (succeeded=1 failed=0 skipped=0 blocked=0 elapsed=687s stoppedEarly=false)
[orch] state/20260419T204105: persisted: wave-execution-complete (phase=executing waveIndex=0)
[orch] state/20260419T204105: persisted: merge-start (phase=merging waveIndex=0)
[orch] merge-health/monitor: merge health monitor started (sessionCount=0 pollIntervalMs=120000)
[orch] merge/W1: merging across 1 repo group(s) (repos=planely totalLanes=1)
[orch] merge/W1: merging repo group: planely (repoRoot=C:\Users\Treml\source\repos\Planely baseBranch=orch/treml-20260419T204105 laneCount=1 lanes=1)
[orch] merge/W1: merging 1 lane(s) (order=fewest-files-first lanes=1 skippedArtifactLanes=undefined)
[orch] merge/W1: merge worktree created (worktree=C:\Users\Treml\source\repos\Planely\.worktrees\treml-20260419T204105\merge tempBranch=_merge-temp-treml-20260419T204105)
[orch] merge/orch-treml-merge-1: starting merge for lane 1 (sourceBranch=task/treml-lane-1-20260419T204105 targetBranch=orch/treml-20260419T204105 baseHEAD=16ec7ab0 laneHEAD=464bb4f5)
[orch] merge/orch-treml-merge-1: spawning merge agent via Runtime V2 (direct agent-host) (mergeWorkDir=C:\Users\Treml\source\repos\Planely\.worktrees\treml-20260419T204105\merge mergeRequestPath=C:\Users\Treml\.pi\merge-request-w1-lane1-treml-20260419T204105.txt)
[orch] merge/orch-treml-merge-1: waiting for merge result (resultPath=C:\Users\Treml\.pi\merge-result-w1-lane1-treml-20260419T204105.json timeoutMs=5400000 backend=v2)
[orch] merge/orch-treml-merge-1: merge agent exited (V2) (exitCode=0 durationMs=19971 costUsd=0.0196895 killed=false)
[orch] merge/orch-treml-merge-1: merge result received (status=SUCCESS elapsed=20080)
[orch] merge/orch-treml-merge-1: merge succeeded (mergeCommit=7df3d39e duration=20s)
[orch] merge/W1: transaction record persisted (file=txn-b20260419T204105-repo-planely-wave-1-lane-1.json status=committed)
[orch] merge/W1: no task artifacts to stage (0 of 7 candidates present/changed, 6 preserved from lane merge)
[orch] merge/W1: updated orch/treml-20260419T204105 ref to merge result (targetBranch=orch/treml-20260419T204105 commit=7df3d39e)
[orch] merge/W1: wave merge complete: succeeded (mergedLanes=1 failedLane=0 duration=21s)
[orch] merge/W1: repo-scoped wave merge complete: succeeded (repoCount=1 repoStatuses=planely:succeeded mergedLanes=1 duration=21s)
[orch] merge-health/monitor: merge health monitor stopped (sessionCount=0)
[orch] state/20260419T204105: persisted: merge-complete (phase=merging waveIndex=0)
[orch] state/20260419T204105: persisted: merge-complete (phase=executing waveIndex=0)
[orch] batch/history: saved batch summary (3 entries)
[orch] batch/20260419T204105: cleaned up 2 sidecar file(s)
[orch] batch/20260419T204105: cleaning up worktrees
[orch] batch/20260419T204105: worktree cleanup: 1 removed, 0 preserved (repoId=planely)
[orch] batch/20260419T204105: warning: branch task/treml-lane-1-20260419T204105 not fully merged into orch/treml-20260419T204105 — retained (repoId=planely)
[orch] state/20260419T204105: persisted: batch-terminal (phase=completed waveIndex=0)
[orch] diagnostics/20260419T204105: emitted diagnostic reports (jsonl=C:\Users\Treml\.pi\diagnostics\treml-20260419T204105-events.jsonl report=C:\Users\Treml\.pi\diagnostics\treml-20260419T204105-report.md taskCount=1)
[orch] state/20260419T204105: state file preserved for /orch-integrate (orchBranch=orch/treml-20260419T204105)
