[orch] batch/20260419T215723: starting batch planning
[orch] batch/20260419T215723: created orch branch (orchBranch=orch/treml-20260419T215723 baseBranch=main)
[orch] state/20260419T215723: persisted: batch-start (phase=executing waveIndex=-1)
[orch] batch/20260419T215723: Runtime V2 backend selected
[orch] state/20260419T215723: persisted: wave-index-change (phase=executing waveIndex=0)
[orch] wave/W1: starting wave execution (tasks=4 policy=skip-dependents batchId=20260419T215723)
[orch] state/20260419T215723: persisted: segment-start (phase=executing waveIndex=0)
[orch] wave/W1: lanes allocated (laneCount=3 totalTasks=4)
[orch] wave/W1: using Runtime V2 backend (executeLaneV2)
[orch] lane-1/LANE: starting Runtime V2 execution of 1 task(s) (worktree=C:\Users\Treml\source\repos\Planely\.worktrees\treml-20260419T215723\lane-1 agentPrefix=orch-treml)
[orch] lane-2/LANE: starting Runtime V2 execution of 1 task(s) (worktree=C:\Users\Treml\source\repos\Planely\.worktrees\treml-20260419T215723\lane-2 agentPrefix=orch-treml)
[orch] lane-3/LANE: starting Runtime V2 execution of 2 task(s) (worktree=C:\Users\Treml\source\repos\Planely\.worktrees\treml-20260419T215723\lane-3 agentPrefix=orch-treml)
[orch] monitor/ALL: starting monitoring for 3 lane(s), 4 task(s) (pollIntervalMs=5000 stallTimeoutMin=60)
(node:86884) [DEP0190] DeprecationWarning: Passing args to a child process with shell option true can lead to security vulnerabilities, as the arguments are not escaped, only concatenated.
(Use `node --trace-deprecation ...` to show where the warning was created)
[orch] state/20260419T215723: persisted: task-transition (phase=executing waveIndex=0)
[orch] monitor/ALL: poll #1: 0/4 done, 0 failed, 3 active lane(s)
[orch] lane-3/EXAMPLE-001: committed task artifacts to lane branch (commit=[task/treml-lane-3-20260419T215723 bf21710] checkpoint: EXAMPLE-001 task artifacts (.DONE, STATUS.md))
[orch] state/20260419T215723: persisted: task-transition (phase=executing waveIndex=0)
[orch] monitor/ALL: poll #18: 1/4 done, 0 failed, 3 active lane(s)
[orch] lane-3/EXAMPLE-002: committed task artifacts to lane branch (commit=[task/treml-lane-3-20260419T215723 f7939de] checkpoint: EXAMPLE-002 task artifacts (.DONE, STATUS.md))
[orch] state/20260419T215723: persisted: task-transition (phase=executing waveIndex=0)
[orch] monitor/ALL: poll #34: 2/4 done, 0 failed, 2 active lane(s)
[orch] lane-2/TP-185: committed task artifacts to lane branch (commit=[task/treml-lane-2-20260419T215723 920a6f7] checkpoint: TP-185 task artifacts (.DONE, STATUS.md))
[orch] state/20260419T215723: persisted: task-transition (phase=executing waveIndex=0)
[orch] monitor/ALL: poll #135: 3/4 done, 0 failed, 1 active lane(s)
[orch] lane-1/TP-181: committed task artifacts to lane branch (commit=[task/treml-lane-1-20260419T215723 8640590] checkpoint: TP-181 task artifacts (.DONE, STATUS.md))
[orch] state/20260419T215723: persisted: task-transition (phase=executing waveIndex=0)
[orch] monitor/ALL: poll #223: 4/4 done, 0 failed, 0 active lane(s)
[orch] monitor/ALL: all lanes terminal — monitoring complete (done=4 failed=0 total=4 polls=223)
[orch] wave/W1: wave execution complete: succeeded (succeeded=4 failed=0 skipped=0 blocked=0 elapsed=1113s stoppedEarly=false)
[orch] state/20260419T215723: persisted: wave-execution-complete (phase=executing waveIndex=0)
[orch] state/20260419T215723: persisted: merge-start (phase=merging waveIndex=0)
[orch] merge-health/monitor: merge health monitor started (sessionCount=0 pollIntervalMs=120000)
[orch] merge/W1: merging across 1 repo group(s) (repos=(default) totalLanes=3)
[orch] merge/W1: merging 3 lane(s) (order=fewest-files-first lanes=3,1,2 skippedArtifactLanes=undefined)
[orch] merge/W1: merge worktree created (worktree=C:\Users\Treml\source\repos\Planely\.worktrees\treml-20260419T215723\merge tempBranch=_merge-temp-treml-20260419T215723)
[orch] merge/orch-treml-merge-3: starting merge for lane 3 (sourceBranch=task/treml-lane-3-20260419T215723 targetBranch=orch/treml-20260419T215723 baseHEAD=7df3d39e laneHEAD=f7939de5)
[orch] merge/orch-treml-merge-3: spawning merge agent via Runtime V2 (direct agent-host) (mergeWorkDir=C:\Users\Treml\source\repos\Planely\.worktrees\treml-20260419T215723\merge mergeRequestPath=C:\Users\Treml\source\repos\Planely\.pi\merge-request-w1-lane3-treml-20260419T215723.txt)
[orch] merge/orch-treml-merge-3: waiting for merge result (resultPath=C:\Users\Treml\source\repos\Planely\.pi\merge-result-w1-lane3-treml-20260419T215723.json timeoutMs=5400000 backend=v2)
[orch] merge/orch-treml-merge-3: merge result received (status=SUCCESS elapsed=10034)
[orch] merge/orch-treml-merge-3: merge succeeded (mergeCommit=53342ae3 duration=10s)
[orch] merge/W1: transaction record persisted (file=txn-b20260419T215723-repo-default-wave-1-lane-3.json status=committed)
[orch] merge/orch-treml-merge-1: starting merge for lane 1 (sourceBranch=task/treml-lane-1-20260419T215723 targetBranch=orch/treml-20260419T215723 baseHEAD=53342ae3 laneHEAD=8640590c)
[orch] merge/orch-treml-merge-1: spawning merge agent via Runtime V2 (direct agent-host) (mergeWorkDir=C:\Users\Treml\source\repos\Planely\.worktrees\treml-20260419T215723\merge mergeRequestPath=C:\Users\Treml\source\repos\Planely\.pi\merge-request-w1-lane1-treml-20260419T215723.txt)
[orch] merge/orch-treml-merge-1: waiting for merge result (resultPath=C:\Users\Treml\source\repos\Planely\.pi\merge-result-w1-lane1-treml-20260419T215723.json timeoutMs=5400000 backend=v2)
[orch] merge/orch-treml-merge-3: merge agent exited (V2) (exitCode=null durationMs=10116 costUsd=0.012252 killed=true)
[orch] merge/orch-treml-merge-1: merge agent exited (V2) (exitCode=0 durationMs=13864 costUsd=0.0142275 killed=false)
[orch] merge/orch-treml-merge-1: merge result received (status=SUCCESS elapsed=14067)
[orch] merge/orch-treml-merge-1: merge succeeded (mergeCommit=b9159dca duration=14s)
[orch] merge/W1: transaction record persisted (file=txn-b20260419T215723-repo-default-wave-1-lane-1.json status=committed)
[orch] merge/orch-treml-merge-2: starting merge for lane 2 (sourceBranch=task/treml-lane-2-20260419T215723 targetBranch=orch/treml-20260419T215723 baseHEAD=b9159dca laneHEAD=920a6f75)
[orch] merge/orch-treml-merge-2: spawning merge agent via Runtime V2 (direct agent-host) (mergeWorkDir=C:\Users\Treml\source\repos\Planely\.worktrees\treml-20260419T215723\merge mergeRequestPath=C:\Users\Treml\source\repos\Planely\.pi\merge-request-w1-lane2-treml-20260419T215723.txt)
[orch] merge/orch-treml-merge-2: waiting for merge result (resultPath=C:\Users\Treml\source\repos\Planely\.pi\merge-result-w1-lane2-treml-20260419T215723.json timeoutMs=5400000 backend=v2)
[orch] merge/orch-treml-merge-2: merge result received (status=SUCCESS elapsed=12044)
[orch] merge/orch-treml-merge-2: merge succeeded (mergeCommit=f8e8ccbb duration=12s)
[orch] merge/W1: transaction record persisted (file=txn-b20260419T215723-repo-default-wave-1-lane-2.json status=committed)
[orch] merge/W1: no task artifacts to stage (0 of 22 candidates present/changed, 18 preserved from lane merge)
[orch] merge/W1: updated orch/treml-20260419T215723 ref to merge result (targetBranch=orch/treml-20260419T215723 commit=f8e8ccbb)
[orch] merge/orch-treml-merge-2: merge agent exited (V2) (exitCode=null durationMs=12198 costUsd=0.009220500000000001 killed=true)
[orch] merge/W1: wave merge complete: succeeded (mergedLanes=3 failedLane=0 duration=37s)
[orch] merge-health/monitor: merge health monitor stopped (sessionCount=0)
[orch] state/20260419T215723: persisted: merge-complete (phase=merging waveIndex=0)
[orch] state/20260419T215723: persisted: merge-complete (phase=executing waveIndex=0)
[orch] batch/20260419T215723: worktree reset OK for lane 1
[orch] batch/20260419T215723: worktree reset OK for lane 2
[orch] batch/20260419T215723: worktree reset OK for lane 3
[orch] state/20260419T215723: persisted: wave-index-change (phase=executing waveIndex=1)
[orch] wave/W2: starting wave execution (tasks=3 policy=skip-dependents batchId=20260419T215723)
[orch] state/20260419T215723: persisted: segment-start (phase=executing waveIndex=1)
[orch] wave/W2: lanes allocated (laneCount=3 totalTasks=3)
[orch] wave/W2: using Runtime V2 backend (executeLaneV2)
[orch] lane-1/LANE: starting Runtime V2 execution of 1 task(s) (worktree=C:\Users\Treml\source\repos\Planely\.worktrees\treml-20260419T215723\lane-1 agentPrefix=orch-treml)
[orch] lane-2/LANE: starting Runtime V2 execution of 1 task(s) (worktree=C:\Users\Treml\source\repos\Planely\.worktrees\treml-20260419T215723\lane-2 agentPrefix=orch-treml)
[orch] lane-3/LANE: starting Runtime V2 execution of 1 task(s) (worktree=C:\Users\Treml\source\repos\Planely\.worktrees\treml-20260419T215723\lane-3 agentPrefix=orch-treml)
[orch] monitor/ALL: starting monitoring for 3 lane(s), 3 task(s) (pollIntervalMs=5000 stallTimeoutMin=60)
[orch] state/20260419T215723: persisted: task-transition (phase=executing waveIndex=1)
[orch] monitor/ALL: poll #1: 0/3 done, 0 failed, 3 active lane(s)
[orch] state/20260419T215723: persisted: task-transition (phase=executing waveIndex=1)
[orch] monitor/ALL: poll #52: 0/3 done, 1 failed, 2 active lane(s)
[orch] lane-3/TP-188: committed task artifacts to lane branch (commit=[task/treml-lane-3-20260419T215723 0f37a34] checkpoint: TP-188 task artifacts (.DONE, STATUS.md))
[orch] state/20260419T215723: persisted: task-transition (phase=executing waveIndex=1)
[orch] monitor/ALL: poll #132: 1/3 done, 1 failed, 1 active lane(s)
[orch] lane-2/TP-186: committed task artifacts to lane branch (commit=[task/treml-lane-2-20260419T215723 957040d] checkpoint: TP-186 task artifacts (.DONE, STATUS.md))
[orch] state/20260419T215723: persisted: task-transition (phase=executing waveIndex=1)
[orch] monitor/ALL: poll #162: 2/3 done, 1 failed, 0 active lane(s)
[orch] monitor/ALL: all lanes terminal — monitoring complete (done=2 failed=1 total=3 polls=162)
[orch] wave/W2: skip-dependents: 4 task(s) blocked for future waves (blocked=TP-183,TP-184,TP-189,TP-190)
[orch] wave/W2: wave execution complete: partial (succeeded=2 failed=1 skipped=0 blocked=4 elapsed=807s stoppedEarly=false)
[orch] batch/20260419T215723: tier0: task TP-182 has no exit diagnostic classification — skipping auto-retry (conservative)
[orch] state/20260419T215723: persisted: wave-execution-complete (phase=executing waveIndex=1)
[orch] state/20260419T215723: persisted: merge-start (phase=merging waveIndex=1)
[orch] merge-health/monitor: merge health monitor started (sessionCount=0 pollIntervalMs=120000)
[orch] merge/W2: merging across 1 repo group(s) (repos=(default) totalLanes=2)
[orch] merge/W2: merging 2 lane(s) (order=fewest-files-first lanes=2,3 skippedArtifactLanes=undefined)
[orch] merge/W2: merge worktree created (worktree=C:\Users\Treml\source\repos\Planely\.worktrees\treml-20260419T215723\merge tempBranch=_merge-temp-treml-20260419T215723)
[orch] merge/orch-treml-merge-2: starting merge for lane 2 (sourceBranch=task/treml-lane-2-20260419T215723 targetBranch=orch/treml-20260419T215723 baseHEAD=f8e8ccbb laneHEAD=957040d1)
[orch] merge/orch-treml-merge-2: spawning merge agent via Runtime V2 (direct agent-host) (mergeWorkDir=C:\Users\Treml\source\repos\Planely\.worktrees\treml-20260419T215723\merge mergeRequestPath=C:\Users\Treml\source\repos\Planely\.pi\merge-request-w2-lane2-treml-20260419T215723.txt)
[orch] merge/orch-treml-merge-2: waiting for merge result (resultPath=C:\Users\Treml\source\repos\Planely\.pi\merge-result-w2-lane2-treml-20260419T215723.json timeoutMs=5400000 backend=v2)
[orch] merge/orch-treml-merge-2: merge result received (status=SUCCESS elapsed=10042)
[orch] merge/orch-treml-merge-2: merge succeeded (mergeCommit=45c0eec0 duration=10s)
[orch] merge/W2: transaction record persisted (file=txn-b20260419T215723-repo-default-wave-2-lane-2.json status=committed)
[orch] merge/orch-treml-merge-3: starting merge for lane 3 (sourceBranch=task/treml-lane-3-20260419T215723 targetBranch=orch/treml-20260419T215723 baseHEAD=45c0eec0 laneHEAD=0f37a340)
[orch] merge/orch-treml-merge-3: spawning merge agent via Runtime V2 (direct agent-host) (mergeWorkDir=C:\Users\Treml\source\repos\Planely\.worktrees\treml-20260419T215723\merge mergeRequestPath=C:\Users\Treml\source\repos\Planely\.pi\merge-request-w2-lane3-treml-20260419T215723.txt)
[orch] merge/orch-treml-merge-3: waiting for merge result (resultPath=C:\Users\Treml\source\repos\Planely\.pi\merge-result-w2-lane3-treml-20260419T215723.json timeoutMs=5400000 backend=v2)
[orch] merge/orch-treml-merge-2: merge agent exited (V2) (exitCode=null durationMs=10124 costUsd=0.0191415 killed=true)
[orch] merge/orch-treml-merge-3: merge result received (status=SUCCESS elapsed=10014)
[orch] merge/orch-treml-merge-3: merge succeeded (mergeCommit=8007ce6e duration=10s)
[orch] merge/W2: transaction record persisted (file=txn-b20260419T215723-repo-default-wave-2-lane-3.json status=committed)
[orch] merge/W2: no task artifacts to stage (0 of 15 candidates present/changed, 13 preserved from lane merge)
[orch] merge/W2: updated orch/treml-20260419T215723 ref to merge result (targetBranch=orch/treml-20260419T215723 commit=8007ce6e)
[orch] merge/orch-treml-merge-3: merge agent exited (V2) (exitCode=null durationMs=10154 costUsd=0.012731500000000001 killed=true)
[orch] merge/W2: wave merge complete: succeeded (mergedLanes=2 failedLane=0 duration=21s)
[orch] merge-health/monitor: merge health monitor stopped (sessionCount=0)
[orch] state/20260419T215723: persisted: merge-complete (phase=merging waveIndex=1)
[orch] state/20260419T215723: persisted: merge-complete (phase=executing waveIndex=1)
[orch] partial-progress/TP-182: Task TP-182 failed but has 1 commit(s) of partial progress on branch saved/treml-TP-182-20260419T215723 (laneBranch=task/treml-lane-1-20260419T215723 savedBranch=saved/treml-TP-182-20260419T215723 commitCount=1 repoId=(default))
[orch] batch/20260419T215723: preserved partial progress for 1 failed task(s) before inter-wave reset
[orch] reset/lane-1: worktree dirty — force cleaning (path=C:\Users\Treml\source\repos\Planely\.worktrees\treml-20260419T215723\lane-1)
[orch] batch/20260419T215723: worktree reset OK for lane 1
[orch] batch/20260419T215723: worktree reset OK for lane 2
[orch] batch/20260419T215723: worktree reset OK for lane 3
[orch] state/20260419T215723: persisted: wave-index-change (phase=executing waveIndex=2)
[orch] batch/20260419T215723: wave 3: skipping 1 blocked task(s) (blocked=TP-183)
[orch] wave/W3: starting wave execution (tasks=2 policy=skip-dependents batchId=20260419T215723)
[orch] state/20260419T215723: persisted: segment-start (phase=executing waveIndex=2)
[orch] wave/W3: lanes allocated (laneCount=2 totalTasks=2)
[orch] wave/W3: using Runtime V2 backend (executeLaneV2)
[orch] lane-1/LANE: starting Runtime V2 execution of 1 task(s) (worktree=C:\Users\Treml\source\repos\Planely\.worktrees\treml-20260419T215723\lane-1 agentPrefix=orch-treml)
[orch] lane-2/LANE: starting Runtime V2 execution of 1 task(s) (worktree=C:\Users\Treml\source\repos\Planely\.worktrees\treml-20260419T215723\lane-2 agentPrefix=orch-treml)
[orch] monitor/ALL: starting monitoring for 2 lane(s), 2 task(s) (pollIntervalMs=5000 stallTimeoutMin=60)
[orch] state/20260419T215723: persisted: task-transition (phase=executing waveIndex=2)
[orch] monitor/ALL: poll #1: 0/2 done, 0 failed, 2 active lane(s)
[orch] state/20260419T215723: persisted: task-transition (phase=executing waveIndex=2)
[orch] monitor/ALL: poll #122: 0/2 done, 1 failed, 1 active lane(s)
[orch] lane-2/TP-191: committed task artifacts to lane branch (commit=[task/treml-lane-2-20260419T215723 281cd0a] checkpoint: TP-191 task artifacts (.DONE, STATUS.md))
[orch] state/20260419T215723: persisted: task-transition (phase=executing waveIndex=2)
[orch] monitor/ALL: poll #140: 1/2 done, 1 failed, 0 active lane(s)
[orch] monitor/ALL: all lanes terminal — monitoring complete (done=1 failed=1 total=2 polls=140)
[orch] wave/W3: skip-dependents: 2 task(s) blocked for future waves (blocked=TP-189,TP-190)
[orch] wave/W3: wave execution complete: partial (succeeded=1 failed=1 skipped=0 blocked=2 elapsed=696s stoppedEarly=false)
[orch] batch/20260419T215723: tier0: task TP-187 has no exit diagnostic classification — skipping auto-retry (conservative)
[orch] state/20260419T215723: persisted: wave-execution-complete (phase=executing waveIndex=2)
[orch] state/20260419T215723: persisted: merge-start (phase=merging waveIndex=2)
[orch] merge-health/monitor: merge health monitor started (sessionCount=0 pollIntervalMs=120000)
[orch] merge/W3: merging across 1 repo group(s) (repos=(default) totalLanes=1)
[orch] merge/W3: merging 1 lane(s) (order=fewest-files-first lanes=2 skippedArtifactLanes=undefined)
[orch] merge/W3: merge worktree created (worktree=C:\Users\Treml\source\repos\Planely\.worktrees\treml-20260419T215723\merge tempBranch=_merge-temp-treml-20260419T215723)
[orch] merge/orch-treml-merge-2: starting merge for lane 2 (sourceBranch=task/treml-lane-2-20260419T215723 targetBranch=orch/treml-20260419T215723 baseHEAD=8007ce6e laneHEAD=281cd0a0)
[orch] merge/orch-treml-merge-2: spawning merge agent via Runtime V2 (direct agent-host) (mergeWorkDir=C:\Users\Treml\source\repos\Planely\.worktrees\treml-20260419T215723\merge mergeRequestPath=C:\Users\Treml\source\repos\Planely\.pi\merge-request-w3-lane2-treml-20260419T215723.txt)
[orch] merge/orch-treml-merge-2: waiting for merge result (resultPath=C:\Users\Treml\source\repos\Planely\.pi\merge-result-w3-lane2-treml-20260419T215723.json timeoutMs=5400000 backend=v2)
[orch] merge/orch-treml-merge-2: merge result received (status=SUCCESS elapsed=10021)
[orch] merge/orch-treml-merge-2: merge succeeded (mergeCommit=ba2bbb7e duration=10s)
[orch] merge/W3: transaction record persisted (file=txn-b20260419T215723-repo-default-wave-3-lane-2.json status=committed)
[orch] merge/W3: no task artifacts to stage (0 of 6 candidates present/changed, 5 preserved from lane merge)
[orch] merge/W3: updated orch/treml-20260419T215723 ref to merge result (targetBranch=orch/treml-20260419T215723 commit=ba2bbb7e)
[orch] merge/orch-treml-merge-2: merge agent exited (V2) (exitCode=null durationMs=10171 costUsd=0.012479 killed=true)
[orch] merge/W3: wave merge complete: succeeded (mergedLanes=1 failedLane=0 duration=11s)
[orch] merge-health/monitor: merge health monitor stopped (sessionCount=0)
[orch] state/20260419T215723: persisted: merge-complete (phase=merging waveIndex=2)
[orch] state/20260419T215723: persisted: merge-complete (phase=executing waveIndex=2)
[orch] partial-progress/TP-187: Task TP-187 failed but has 6 commit(s) of partial progress on branch saved/treml-TP-187-20260419T215723 (laneBranch=task/treml-lane-1-20260419T215723 savedBranch=saved/treml-TP-187-20260419T215723 commitCount=6 repoId=(default))
[orch] batch/20260419T215723: preserved partial progress for 1 failed task(s) before inter-wave reset
[orch] batch/20260419T215723: WARNING: Failed to preserve partial progress for task TP-182 (0 commit(s) at risk on lane branch) (taskId=TP-182 commitCount=0 error=Task not found in allocated lanes)
[orch] reset/lane-1: worktree dirty — force cleaning (path=C:\Users\Treml\source\repos\Planely\.worktrees\treml-20260419T215723\lane-1)
[orch] batch/20260419T215723: worktree reset OK for lane 1
[orch] batch/20260419T215723: worktree reset OK for lane 2
[orch] batch/20260419T215723: worktree reset OK for lane 3
[orch] state/20260419T215723: persisted: wave-index-change (phase=executing waveIndex=3)
[orch] batch/20260419T215723: wave 4: skipping 2 blocked task(s) (blocked=TP-184,TP-189)
[orch] batch/20260419T215723: wave 4: no tasks to execute (all blocked or terminal)
[orch] state/20260419T215723: persisted: wave-index-change (phase=executing waveIndex=4)
[orch] batch/20260419T215723: wave 5: skipping 1 blocked task(s) (blocked=TP-190)
[orch] batch/20260419T215723: wave 5: no tasks to execute (all blocked or terminal)
[orch] batch/history: saved batch summary (1 entries)
[orch] batch/20260419T215723: pre-cleanup: failedTasks > 0 detected, preserving worktrees for resume
[orch] batch/20260419T215723: skipping final cleanup to preserve worktrees/branches for resume
[orch] state/20260419T215723: persisted: batch-terminal (phase=paused waveIndex=4)
[orch] diagnostics/20260419T215723: emitted diagnostic reports (jsonl=C:\Users\Treml\source\repos\Planely\.pi\diagnostics\treml-20260419T215723-events.jsonl report=C:\Users\Treml\source\repos\Planely\.pi\diagnostics\treml-20260419T215723-report.md taskCount=13)
[orch] batch/20260419T215723: batch ended in non-terminal execution state; completion banner suppressed (phase=paused)
[orch] resume/20260419T215723: segment frontier reconstructed (tasks=13 completedSegments=7 inFlightSegments=0 pendingSegments=4)
[orch] resume/: runtime backend for resumed execution: v2
[orch] resume/20260419T215723: blocked counter fix: 4 persisted-blocked task(s) in unvisited waves added to blockedTasks
[orch] resume/20260419T215723: skip-dependents: 4 task(s) blocked from reconciled failures (blocked=TP-183,TP-184,TP-189,TP-190 sources=TP-182,TP-187)
[orch] state/20260419T215723: persisted: resume-reconciliation (phase=executing waveIndex=2)
[orch] state/20260419T215723: persisted: wave-index-change (phase=executing waveIndex=2)
[orch] resume/20260419T215723: wave 3: no tasks to execute (all completed/blocked)
[orch] state/20260419T215723: persisted: wave-index-change (phase=executing waveIndex=3)
[orch] resume/20260419T215723: wave 4: no tasks to execute (all completed/blocked)
[orch] state/20260419T215723: persisted: wave-index-change (phase=executing waveIndex=4)
[orch] resume/20260419T215723: wave 5: no tasks to execute (all completed/blocked)
[orch] resume/20260419T215723: pre-cleanup: failedTasks > 0 detected, preserving worktrees for resume
[orch] state/20260419T215723: persisted: batch-terminal (phase=paused waveIndex=4)
[orch] diagnostics/20260419T215723: emitted diagnostic reports (jsonl=C:\Users\Treml\source\repos\Planely\.pi\diagnostics\treml-20260419T215723-events.jsonl report=C:\Users\Treml\source\repos\Planely\.pi\diagnostics\treml-20260419T215723-report.md taskCount=13)
[orch] resume/20260419T215723: resumed batch ended in non-terminal state (phase=paused)
[orch] resume/20260419T215723: segment frontier reconstructed (tasks=13 completedSegments=7 inFlightSegments=0 pendingSegments=4)
[orch] resume/: runtime backend for resumed execution: v2
[orch] resume/20260419T215723: skip-dependents: 4 task(s) blocked from reconciled failures (blocked=TP-183,TP-184,TP-189,TP-190 sources=TP-182,TP-187)
[orch] state/20260419T215723: persisted: resume-reconciliation (phase=executing waveIndex=0)
[orch] state/20260419T215723: persisted: wave-index-change (phase=executing waveIndex=0)
[orch] resume/20260419T215723: wave 1: all tasks done but merge needs retry
[orch] merge/W1: no mergeable lanes (all failed or empty)
[orch] state/20260419T215723: persisted: merge-retry-complete (phase=executing waveIndex=0)
[orch] state/20260419T215723: persisted: wave-index-change (phase=executing waveIndex=1)
[orch] resume/20260419T215723: wave 2: all tasks done but merge needs retry
[orch] state/20260419T215723: persisted: merge-retry-start (phase=merging waveIndex=1)
[orch] merge/W2: no mergeable lanes (all failed or empty)
[orch] state/20260419T215723: persisted: merge-retry-complete (phase=executing waveIndex=1)
[orch] state/20260419T215723: persisted: wave-index-change (phase=executing waveIndex=2)
[orch] resume/20260419T215723: wave 3: no tasks to execute (all completed/blocked)
[orch] state/20260419T215723: persisted: wave-index-change (phase=executing waveIndex=3)
[orch] resume/20260419T215723: wave 4: no tasks to execute (all completed/blocked)
[orch] state/20260419T215723: persisted: wave-index-change (phase=executing waveIndex=4)
[orch] resume/20260419T215723: wave 5: no tasks to execute (all completed/blocked)
[orch] resume/20260419T215723: pre-cleanup: failedTasks > 0 detected, preserving worktrees for resume
[orch] state/20260419T215723: persisted: batch-terminal (phase=paused waveIndex=4)
[orch] diagnostics/20260419T215723: emitted diagnostic reports (jsonl=C:\Users\Treml\source\repos\Planely\.pi\diagnostics\treml-20260419T215723-events.jsonl report=C:\Users\Treml\source\repos\Planely\.pi\diagnostics\treml-20260419T215723-report.md taskCount=13)
[orch] resume/20260419T215723: resumed batch ended in non-terminal state (phase=paused)
[orch] resume/20260419T215723: segment frontier reconstructed (tasks=13 completedSegments=7 inFlightSegments=0 pendingSegments=4)
[orch] resume/: runtime backend for resumed execution: v2
[orch] resume/20260419T215723: blocked counter fix: 4 persisted-blocked task(s) in unvisited waves added to blockedTasks
[orch] resume/20260419T215723: skip-dependents: 4 task(s) blocked from reconciled failures (blocked=TP-183,TP-184,TP-189,TP-190 sources=TP-182,TP-187)
[orch] state/20260419T215723: persisted: resume-reconciliation (phase=executing waveIndex=2)
[orch] state/20260419T215723: persisted: wave-index-change (phase=executing waveIndex=2)
[orch] resume/20260419T215723: wave 3: no tasks to execute (all completed/blocked)
[orch] state/20260419T215723: persisted: wave-index-change (phase=executing waveIndex=3)
[orch] resume/20260419T215723: wave 4: no tasks to execute (all completed/blocked)
[orch] state/20260419T215723: persisted: wave-index-change (phase=executing waveIndex=4)
[orch] resume/20260419T215723: wave 5: no tasks to execute (all completed/blocked)
[orch] resume/20260419T215723: pre-cleanup: failedTasks > 0 detected, preserving worktrees for resume
[orch] state/20260419T215723: persisted: batch-terminal (phase=paused waveIndex=4)
[orch] diagnostics/20260419T215723: emitted diagnostic reports (jsonl=C:\Users\Treml\source\repos\Planely\.pi\diagnostics\treml-20260419T215723-events.jsonl report=C:\Users\Treml\source\repos\Planely\.pi\diagnostics\treml-20260419T215723-report.md taskCount=13)
[orch] resume/20260419T215723: resumed batch ended in non-terminal state (phase=paused)
[orch] resume/20260419T215723: segment frontier reconstructed (tasks=13 completedSegments=7 inFlightSegments=0 pendingSegments=4)
[orch] resume/: runtime backend for resumed execution: v2
[orch] resume/20260419T215723: skip-dependents: 4 task(s) blocked from reconciled failures (blocked=TP-183,TP-184,TP-189,TP-190 sources=TP-182,TP-187)
[orch] state/20260419T215723: persisted: resume-reconciliation (phase=executing waveIndex=0)
[orch] state/20260419T215723: persisted: wave-index-change (phase=executing waveIndex=0)
[orch] resume/20260419T215723: wave 1: all tasks done but merge needs retry
[orch] state/20260419T215723: persisted: merge-retry-start (phase=merging waveIndex=0)
[orch] merge/W1: no mergeable lanes (all failed or empty)
[orch] state/20260419T215723: persisted: merge-retry-complete (phase=executing waveIndex=0)
[orch] state/20260419T215723: persisted: wave-index-change (phase=executing waveIndex=1)
[orch] resume/20260419T215723: wave 2: all tasks done but merge needs retry
[orch] state/20260419T215723: persisted: merge-retry-start (phase=merging waveIndex=1)
[orch] merge/W2: no mergeable lanes (all failed or empty)
[orch] state/20260419T215723: persisted: merge-retry-complete (phase=executing waveIndex=1)
[orch] state/20260419T215723: persisted: wave-index-change (phase=executing waveIndex=2)
[orch] resume/20260419T215723: wave 3: no tasks to execute (all completed/blocked)
[orch] state/20260419T215723: persisted: wave-index-change (phase=executing waveIndex=3)
[orch] resume/20260419T215723: wave 4: no tasks to execute (all completed/blocked)
[orch] state/20260419T215723: persisted: wave-index-change (phase=executing waveIndex=4)
[orch] resume/20260419T215723: wave 5: no tasks to execute (all completed/blocked)
[orch] resume/20260419T215723: pre-cleanup: failedTasks > 0 detected, preserving worktrees for resume
[orch] state/20260419T215723: persisted: batch-terminal (phase=paused waveIndex=4)
[orch] diagnostics/20260419T215723: emitted diagnostic reports (jsonl=C:\Users\Treml\source\repos\Planely\.pi\diagnostics\treml-20260419T215723-events.jsonl report=C:\Users\Treml\source\repos\Planely\.pi\diagnostics\treml-20260419T215723-report.md taskCount=13)
[orch] resume/20260419T215723: resumed batch ended in non-terminal state (phase=paused)
