[orch] batch/20260420T094622: starting batch planning
[orch] batch/20260420T094622: created orch branch (orchBranch=orch/treml-20260420T094622 baseBranch=main)
[orch] state/20260420T094622: persisted: batch-start (phase=executing waveIndex=-1)
[orch] batch/20260420T094622: Runtime V2 backend selected
[orch] state/20260420T094622: persisted: wave-index-change (phase=executing waveIndex=0)
[orch] wave/W1: starting wave execution (tasks=5 policy=skip-dependents batchId=20260420T094622)
[orch] wave/W1: task TP-114 has uncommitted files, staging (folder=taskplane-tasks/TP-114-single-task-test status=?? taskplane-tasks/TP-114-single-task-test/)
[orch] wave/W1: committed 1 task folder(s) directly on orch branch (orchBranch=orch/treml-20260420T094622 folders=taskplane-tasks/TP-114-single-task-test from=7df3d39e to=25fd13a9)
[orch] state/20260420T094622: persisted: segment-start (phase=executing waveIndex=0)
[orch] wave/W1: lanes allocated (laneCount=3 totalTasks=5)
[orch] wave/W1: using Runtime V2 backend (executeLaneV2)
[orch] lane-1/LANE: starting Runtime V2 execution of 2 task(s) (worktree=C:\Users\Treml\source\repos\Planely\.worktrees\treml-20260420T094622\lane-1 agentPrefix=orch-treml)
[orch] lane-2/LANE: starting Runtime V2 execution of 2 task(s) (worktree=C:\Users\Treml\source\repos\Planely\.worktrees\treml-20260420T094622\lane-2 agentPrefix=orch-treml)
[orch] lane-3/LANE: starting Runtime V2 execution of 1 task(s) (worktree=C:\Users\Treml\source\repos\Planely\.worktrees\treml-20260420T094622\lane-3 agentPrefix=orch-treml)
[orch] monitor/ALL: starting monitoring for 3 lane(s), 5 task(s) (pollIntervalMs=5000 stallTimeoutMin=60)
(node:69948) [DEP0190] DeprecationWarning: Passing args to a child process with shell option true can lead to security vulnerabilities, as the arguments are not escaped, only concatenated.
(Use `node --trace-deprecation ...` to show where the warning was created)
[orch] state/20260420T094622: persisted: task-transition (phase=executing waveIndex=0)
[orch] monitor/ALL: poll #1: 0/5 done, 0 failed, 3 active lane(s)
[orch] lane-1/TP-114: committed task artifacts to lane branch (commit=[task/treml-lane-1-20260420T094622 a5b1e04] checkpoint: TP-114 task artifacts (.DONE, STATUS.md))
[orch] state/20260420T094622: persisted: task-transition (phase=executing waveIndex=0)
[orch] monitor/ALL: poll #80: 1/5 done, 0 failed, 3 active lane(s)
[orch] lane-1/EXAMPLE-001: committed task artifacts to lane branch (commit=[task/treml-lane-1-20260420T094622 20f0d92] checkpoint: EXAMPLE-001 task artifacts (.DONE, STATUS.md))
[orch] state/20260420T094622: persisted: task-transition (phase=executing waveIndex=0)
[orch] monitor/ALL: poll #96: 2/5 done, 0 failed, 2 active lane(s)
[orch] lane-3/TP-185: committed task artifacts to lane branch (commit=[task/treml-lane-3-20260420T094622 13d88b8] checkpoint: TP-185 task artifacts (.DONE, STATUS.md))
[orch] state/20260420T094622: persisted: task-transition (phase=executing waveIndex=0)
[orch] monitor/ALL: poll #126: 3/5 done, 0 failed, 1 active lane(s)
[orch] lane-2/TP-181: committed task artifacts to lane branch (commit=[task/treml-lane-2-20260420T094622 0c43690] checkpoint: TP-181 task artifacts (.DONE, STATUS.md))
[orch] state/20260420T094622: persisted: task-transition (phase=executing waveIndex=0)
[orch] monitor/ALL: poll #170: 4/5 done, 0 failed, 1 active lane(s)
[orch] lane-2/EXAMPLE-002: committed task artifacts to lane branch (commit=[task/treml-lane-2-20260420T094622 8497065] checkpoint: EXAMPLE-002 task artifacts (.DONE, STATUS.md))
[orch] state/20260420T094622: persisted: task-transition (phase=executing waveIndex=0)
[orch] monitor/ALL: poll #190: 5/5 done, 0 failed, 0 active lane(s)
[orch] monitor/ALL: all lanes terminal — monitoring complete (done=5 failed=0 total=5 polls=190)
[orch] wave/W1: wave execution complete: succeeded (succeeded=5 failed=0 skipped=0 blocked=0 elapsed=948s stoppedEarly=false)
[orch] state/20260420T094622: persisted: wave-execution-complete (phase=executing waveIndex=0)
[orch] state/20260420T094622: persisted: merge-start (phase=merging waveIndex=0)
[orch] merge-health/monitor: merge health monitor started (sessionCount=0 pollIntervalMs=120000)
[orch] merge/W1: merging across 1 repo group(s) (repos=(default) totalLanes=3)
[orch] merge/W1: merging 3 lane(s) (order=fewest-files-first lanes=1,3,2 skippedArtifactLanes=undefined)
[orch] merge/W1: merge worktree created (worktree=C:\Users\Treml\source\repos\Planely\.worktrees\treml-20260420T094622\merge tempBranch=_merge-temp-treml-20260420T094622)
[orch] merge/orch-treml-merge-1: starting merge for lane 1 (sourceBranch=task/treml-lane-1-20260420T094622 targetBranch=orch/treml-20260420T094622 baseHEAD=25fd13a9 laneHEAD=20f0d92f)
[orch] merge/orch-treml-merge-1: spawning merge agent via Runtime V2 (direct agent-host) (mergeWorkDir=C:\Users\Treml\source\repos\Planely\.worktrees\treml-20260420T094622\merge mergeRequestPath=C:\Users\Treml\source\repos\Planely\.pi\merge-request-w1-lane1-treml-20260420T094622.txt)
[orch] merge/orch-treml-merge-1: waiting for merge result (resultPath=C:\Users\Treml\source\repos\Planely\.pi\merge-result-w1-lane1-treml-20260420T094622.json timeoutMs=5400000 backend=v2)
[orch] merge/orch-treml-merge-1: merge result received (status=SUCCESS elapsed=12017)
[orch] merge/orch-treml-merge-1: merge succeeded (mergeCommit=18ebb225 duration=12s)
[orch] merge/W1: transaction record persisted (file=txn-b20260420T094622-repo-default-wave-1-lane-1.json status=committed)
[orch] merge/orch-treml-merge-3: starting merge for lane 3 (sourceBranch=task/treml-lane-3-20260420T094622 targetBranch=orch/treml-20260420T094622 baseHEAD=18ebb225 laneHEAD=13d88b83)
[orch] merge/orch-treml-merge-3: spawning merge agent via Runtime V2 (direct agent-host) (mergeWorkDir=C:\Users\Treml\source\repos\Planely\.worktrees\treml-20260420T094622\merge mergeRequestPath=C:\Users\Treml\source\repos\Planely\.pi\merge-request-w1-lane3-treml-20260420T094622.txt)
[orch] merge/orch-treml-merge-3: waiting for merge result (resultPath=C:\Users\Treml\source\repos\Planely\.pi\merge-result-w1-lane3-treml-20260420T094622.json timeoutMs=5400000 backend=v2)
[orch] merge/orch-treml-merge-1: merge agent exited (V2) (exitCode=null durationMs=12108 costUsd=0.021102 killed=true)
[orch] merge/orch-treml-merge-3: merge result received (status=SUCCESS elapsed=8045)
[orch] merge/orch-treml-merge-3: merge succeeded (mergeCommit= duration=8s)
[orch] merge/W1: transaction record persisted (file=txn-b20260420T094622-repo-default-wave-1-lane-3.json status=committed)
[orch] merge/orch-treml-merge-2: starting merge for lane 2 (sourceBranch=task/treml-lane-2-20260420T094622 targetBranch=orch/treml-20260420T094622 baseHEAD=92a3a0ba laneHEAD=84970657)
[orch] merge/orch-treml-merge-2: spawning merge agent via Runtime V2 (direct agent-host) (mergeWorkDir=C:\Users\Treml\source\repos\Planely\.worktrees\treml-20260420T094622\merge mergeRequestPath=C:\Users\Treml\source\repos\Planely\.pi\merge-request-w1-lane2-treml-20260420T094622.txt)
[orch] merge/orch-treml-merge-2: waiting for merge result (resultPath=C:\Users\Treml\source\repos\Planely\.pi\merge-result-w1-lane2-treml-20260420T094622.json timeoutMs=5400000 backend=v2)
[orch] merge/orch-treml-merge-3: merge agent exited (V2) (exitCode=null durationMs=8129 costUsd=0.029605000000000003 killed=true)
[orch] merge/orch-treml-merge-2: merge result received (status=SUCCESS elapsed=20076)
[orch] merge/orch-treml-merge-2: merge succeeded (mergeCommit=18617fc9 duration=20s)
[orch] merge/W1: transaction record persisted (file=txn-b20260420T094622-repo-default-wave-1-lane-2.json status=committed)
[orch] merge/W1: no task artifacts to stage (0 of 23 candidates present/changed, 18 preserved from lane merge)
[orch] merge/W1: updated orch/treml-20260420T094622 ref to merge result (targetBranch=orch/treml-20260420T094622 commit=18617fc9)
[orch] merge/orch-treml-merge-2: merge agent exited (V2) (exitCode=null durationMs=20233 costUsd=0.0429505 killed=true)
[orch] merge/W1: wave merge complete: succeeded (mergedLanes=3 failedLane=0 duration=41s)
[orch] merge-health/monitor: merge health monitor stopped (sessionCount=0)
[orch] state/20260420T094622: persisted: merge-complete (phase=merging waveIndex=0)
[orch] state/20260420T094622: persisted: merge-complete (phase=executing waveIndex=0)
[orch] batch/20260420T094622: worktree reset OK for lane 1
[orch] batch/20260420T094622: worktree reset OK for lane 2
[orch] batch/20260420T094622: worktree reset OK for lane 3
[orch] state/20260420T094622: persisted: wave-index-change (phase=executing waveIndex=1)
[orch] wave/W2: starting wave execution (tasks=3 policy=skip-dependents batchId=20260420T094622)
[orch] state/20260420T094622: persisted: segment-start (phase=executing waveIndex=1)
[orch] wave/W2: lanes allocated (laneCount=3 totalTasks=3)
[orch] wave/W2: using Runtime V2 backend (executeLaneV2)
[orch] lane-1/LANE: starting Runtime V2 execution of 1 task(s) (worktree=C:\Users\Treml\source\repos\Planely\.worktrees\treml-20260420T094622\lane-1 agentPrefix=orch-treml)
[orch] lane-2/LANE: starting Runtime V2 execution of 1 task(s) (worktree=C:\Users\Treml\source\repos\Planely\.worktrees\treml-20260420T094622\lane-2 agentPrefix=orch-treml)
[orch] lane-3/LANE: starting Runtime V2 execution of 1 task(s) (worktree=C:\Users\Treml\source\repos\Planely\.worktrees\treml-20260420T094622\lane-3 agentPrefix=orch-treml)
[orch] monitor/ALL: starting monitoring for 3 lane(s), 3 task(s) (pollIntervalMs=5000 stallTimeoutMin=60)
[orch] state/20260420T094622: persisted: task-transition (phase=executing waveIndex=1)
[orch] monitor/ALL: poll #1: 0/3 done, 0 failed, 3 active lane(s)
[orch] state/20260420T094622: persisted: task-transition (phase=executing waveIndex=1)
[orch] monitor/ALL: poll #120: 0/3 done, 1 failed, 2 active lane(s)
[orch] lane-2/TP-186: committed task artifacts to lane branch (commit=[task/treml-lane-2-20260420T094622 a56e868] checkpoint: TP-186 task artifacts (.DONE, STATUS.md))
[orch] state/20260420T094622: persisted: task-transition (phase=executing waveIndex=1)
[orch] monitor/ALL: poll #168: 1/3 done, 1 failed, 1 active lane(s)
[orch] lane-3/TP-188: committed task artifacts to lane branch (commit=[task/treml-lane-3-20260420T094622 32b3375] checkpoint: TP-188 task artifacts (.DONE, STATUS.md))
[orch] state/20260420T094622: persisted: task-transition (phase=executing waveIndex=1)
[orch] monitor/ALL: poll #174: 2/3 done, 1 failed, 0 active lane(s)
[orch] monitor/ALL: all lanes terminal — monitoring complete (done=2 failed=1 total=3 polls=174)
[orch] wave/W2: skip-dependents: 4 task(s) blocked for future waves (blocked=TP-183,TP-184,TP-189,TP-190)
[orch] wave/W2: wave execution complete: partial (succeeded=2 failed=1 skipped=0 blocked=4 elapsed=867s stoppedEarly=false)
[orch] batch/20260420T094622: tier0: task TP-182 has no exit diagnostic classification — skipping auto-retry (conservative)
[orch] state/20260420T094622: persisted: wave-execution-complete (phase=executing waveIndex=1)
[orch] state/20260420T094622: persisted: merge-start (phase=merging waveIndex=1)
[orch] merge-health/monitor: merge health monitor started (sessionCount=0 pollIntervalMs=120000)
[orch] merge/W2: merging across 1 repo group(s) (repos=(default) totalLanes=2)
[orch] merge/W2: merging 2 lane(s) (order=fewest-files-first lanes=2,3 skippedArtifactLanes=undefined)
[orch] merge/W2: merge worktree created (worktree=C:\Users\Treml\source\repos\Planely\.worktrees\treml-20260420T094622\merge tempBranch=_merge-temp-treml-20260420T094622)
[orch] merge/orch-treml-merge-2: starting merge for lane 2 (sourceBranch=task/treml-lane-2-20260420T094622 targetBranch=orch/treml-20260420T094622 baseHEAD=18617fc9 laneHEAD=a56e8687)
[orch] merge/orch-treml-merge-2: spawning merge agent via Runtime V2 (direct agent-host) (mergeWorkDir=C:\Users\Treml\source\repos\Planely\.worktrees\treml-20260420T094622\merge mergeRequestPath=C:\Users\Treml\source\repos\Planely\.pi\merge-request-w2-lane2-treml-20260420T094622.txt)
[orch] merge/orch-treml-merge-2: waiting for merge result (resultPath=C:\Users\Treml\source\repos\Planely\.pi\merge-result-w2-lane2-treml-20260420T094622.json timeoutMs=5400000 backend=v2)
[orch] merge/orch-treml-merge-2: merge result received (status=BUILD_FAILURE elapsed=18070)
[orch] merge/orch-treml-merge-2: merge failed — verification failed (output=Merge succeeded initially at 94edd94c0c25165a25f94f31baedfbfbc74fe7a2, but verification failed. Verification command output:
extensions dir not found

Merge was reverted with: git revert -m 1 --no-edi baselineActive=false)
[orch] merge/W2: transaction record persisted (file=txn-b20260420T094622-repo-default-wave-2-lane-2.json status=merge_failed)
[orch] merge/W2: committed 14 task artifact(s) to merge worktree (skipped=0 preserved=2 allowedCandidates=18)
[orch] merge/orch-treml-merge-2: merge agent exited (V2) (exitCode=null durationMs=18589 costUsd=0.0288845 killed=true)
[orch] merge/W2: wave merge complete: failed (mergedLanes=0 failedLane=2 duration=19s)
[orch] merge-health/monitor: merge health monitor stopped (sessionCount=0)
[orch] state/20260420T094622: persisted: merge-complete (phase=merging waveIndex=1)
[orch] state/20260420T094622: persisted: merge-complete (phase=executing waveIndex=1)
[orch] batch/20260420T094622: merge failure — applying pause policy (failedLane=2 failedLaneIds=lane-2 reason=Post-merge verification failed in lane 2: Merge succeeded initially at 94edd94c0c25165a25f94f31baedfbfbc74fe7a2, but verification failed. Verification command output:
extensions dir not found

Merge w)
[orch] state/20260420T094622: persisted: merge-failure-pause (phase=paused waveIndex=1)
[orch] batch/history: saved batch summary (2 entries)
[orch] batch/20260420T094622: skipping final cleanup to preserve worktrees/branches for resume
[orch] state/20260420T094622: persisted: batch-terminal (phase=paused waveIndex=1)
[orch] diagnostics/20260420T094622: emitted diagnostic reports (jsonl=C:\Users\Treml\source\repos\Planely\.pi\diagnostics\treml-20260420T094622-events.jsonl report=C:\Users\Treml\source\repos\Planely\.pi\diagnostics\treml-20260420T094622-report.md taskCount=14)
[orch] batch/20260420T094622: batch ended in non-terminal execution state; completion banner suppressed (phase=paused)
